	at org.elasticsearch.transport.netty.ChannelBufferStreamInput.readByte(ChannelBufferStreamInput.java:132)
	at org.elasticsearch.common.io.stream.StreamInput.readString(StreamInput.java:265)
	at org.elasticsearch.common.io.stream.HandlesStreamInput.readString(HandlesStreamInput.java:61)
	at org.elasticsearch.index.fielddata.FieldDataStats.readFrom(FieldDataStats.java:100)
	at org.elasticsearch.index.fielddata.FieldDataStats.readFieldDataStats(FieldDataStats.java:88)
	at org.elasticsearch.action.admin.indices.stats.CommonStats.readFrom(CommonStats.java:576)
	at org.elasticsearch.action.admin.indices.stats.CommonStats.readCommonStats(CommonStats.java:509)
	at org.elasticsearch.action.admin.indices.stats.ShardStats.readFrom(ShardStats.java:73)
	at org.elasticsearch.transport.netty.MessageChannelHandler.handleResponse(MessageChannelHandler.java:153)
	... 23 more
[2241-06-21 22:03:33,848][WARN ][transport.netty          ] [FQDN_SERVER_IP] Message not fully read (response) for [245492607] handler org.elasticsearch.action.support.broadcast.TransportBroadcastOperationAction$AsyncBroadcastAction$2@2b02054a, error [false], resetting
[2241-06-21 22:03:33,860][DEBUG][action.admin.indices.stats] [FQDN_SERVER_IP] [PREFIX_INDEX_201509][0], node[v3bsmfEFQ8Kz88JrCQIhoQ], [R], s[STARTED]: failed to execute [org.elasticsearch.action.admin.indices.stats.IndicesStatsRequest@71e7018d]
org.elasticsearch.transport.RemoteTransportException: Failed to deserialize response of type [org.elasticsearch.action.admin.indices.stats.ShardStats]
Caused by: org.elasticsearch.transport.TransportSerializationException: Failed to deserialize response of type [org.elasticsearch.action.admin.indices.stats.ShardStats]
	at org.elasticsearch.transport.netty.MessageChannelHandler.handleResponse(MessageChannelHandler.java:155)
	at org.elasticsearch.transport.netty.MessageChannelHandler.messageReceived(MessageChannelHandler.java:130)
	at org.elasticsearch.common.netty.channel.SimpleChannelUpstreamHandler.handleUpstream(SimpleChannelUpstreamHandler.java:70)
	at org.elasticsearch.common.netty.channel.DefaultChannelPipeline.sendUpstream(DefaultChannelPipeline.java:564)
	at org.elasticsearch.common.netty.channel.DefaultChannelPipeline$DefaultChannelHandlerContext.sendUpstream(DefaultChannelPipeline.java:791)
	at org.elasticsearch.common.netty.channel.Channels.fireMessageReceived(Channels.java:296)
	at org.elasticsearch.common.netty.handler.codec.frame.FrameDecoder.unfoldAndFireMessageReceived(FrameDecoder.java:462)
	at org.elasticsearch.common.netty.handler.codec.frame.FrameDecoder.callDecode(FrameDecoder.java:443)
	at org.elasticsearch.common.netty.handler.codec.frame.FrameDecoder.messageReceived(FrameDecoder.java:303)
	at org.elasticsearch.common.netty.channel.SimpleChannelUpstreamHandler.handleUpstream(SimpleChannelUpstreamHandler.java:70)
	at org.elasticsearch.common.netty.channel.DefaultChannelPipeline.sendUpstream(DefaultChannelPipeline.java:564)
	at org.elasticsearch.common.netty.channel.DefaultChannelPipeline.sendUpstream(DefaultChannelPipeline.java:559)
	at org.elasticsearch.common.netty.channel.Channels.fireMessageReceived(Channels.java:268)
	at org.elasticsearch.common.netty.channel.Channels.fireMessageReceived(Channels.java:255)
	at org.elasticsearch.common.netty.channel.socket.nio.NioWorker.read(NioWorker.java:88)
	at org.elasticsearch.common.netty.channel.socket.nio.AbstractNioWorker.process(AbstractNioWorker.java:108)
	at org.elasticsearch.common.netty.channel.socket.nio.AbstractNioSelector.run(AbstractNioSelector.java:337)
	at org.elasticsearch.common.netty.channel.socket.nio.AbstractNioWorker.run(AbstractNioWorker.java:89)
	at org.elasticsearch.common.netty.channel.socket.nio.NioWorker.run(NioWorker.java:178)
	at org.elasticsearch.common.netty.util.ThreadRenamingRunnable.run(ThreadRenamingRunnable.java:108)
	at org.elasticsearch.common.netty.util.internal.DeadLockProofWorker$1.run(DeadLockProofWorker.java:42)
	at java.util.concurrent.ThreadPoolExecutor.runWorker(ThreadPoolExecutor.java:1142)
	at java.util.concurrent.ThreadPoolExecutor$Worker.run(ThreadPoolExecutor.java:617)
	at java.lang.Thread.run(Thread.java:745)
Caused by: java.lang.IndexOutOfBoundsException: Readable byte limit exceeded: 306
	at org.elasticsearch.common.netty.buffer.AbstractChannelBuffer.readByte(AbstractChannelBuffer.java:236)
	at org.elasticsearch.transport.netty.ChannelBufferStreamInput.readByte(ChannelBufferStreamInput.java:132)
	at org.elasticsearch.common.io.stream.StreamInput.readString(StreamInput.java:282)
	at org.elasticsearch.common.io.stream.HandlesStreamInput.readString(HandlesStreamInput.java:61)
	at org.elasticsearch.index.fielddata.FieldDataStats.readFrom(FieldDataStats.java:100)
	at org.elasticsearch.index.fielddata.FieldDataStats.readFieldDataStats(FieldDataStats.java:88)
	at org.elasticsearch.action.admin.indices.stats.CommonStats.readFrom(CommonStats.java:576)
	at org.elasticsearch.action.admin.indices.stats.CommonStats.readCommonStats(CommonStats.java:509)
	at org.elasticsearch.action.admin.indices.stats.ShardStats.readFrom(ShardStats.java:73)
	at org.elasticsearch.transport.netty.MessageChannelHandler.handleResponse(MessageChannelHandler.java:153)
	... 23 more
[2241-06-21 22:03:33,865][DEBUG][action.admin.indices.stats] [FQDN_SERVER_IP] [PREFIX_INDEX_201507][1], node[8ZrYSc6kQvGL-yfCEhZDQw], [R], s[STARTED]: failed to execute [org.elasticsearch.action.admin.indices.stats.IndicesStatsRequest@71e7018d]
org.elasticsearch.transport.RemoteTransportException: Failed to deserialize response of type [org.elasticsearch.action.admin.indices.stats.ShardStats]
Caused by: org.elasticsearch.transport.TransportSerializationException: Failed to deserialize response of type [org.elasticsearch.action.admin.indices.stats.ShardStats]
	at org.elasticsearch.transport.netty.MessageChannelHandler.handleResponse(MessageChannelHandler.java:155)
	at org.elasticsearch.transport.netty.MessageChannelHandler.messageReceived(MessageChannelHandler.java:130)
	at org.elasticsearch.common.netty.channel.SimpleChannelUpstreamHandler.handleUpstream(SimpleChannelUpstreamHandler.java:70)
	at org.elasticsearch.common.netty.channel.DefaultChannelPipeline.sendUpstream(DefaultChannelPipeline.java:564)
	at org.elasticsearch.common.netty.channel.DefaultChannelPipeline$DefaultChannelHandlerContext.sendUpstream(DefaultChannelPipeline.java:791)
	at org.elasticsearch.common.netty.channel.Channels.fireMessageReceived(Channels.java:296)
	at org.elasticsearch.common.netty.handler.codec.frame.FrameDecoder.unfoldAndFireMessageReceived(FrameDecoder.java:462)
	at org.elasticsearch.common.netty.handler.codec.frame.FrameDecoder.callDecode(FrameDecoder.java:443)
	at org.elasticsearch.common.netty.handler.codec.frame.FrameDecoder.messageReceived(FrameDecoder.java:303)
	at org.elasticsearch.common.netty.channel.SimpleChannelUpstreamHandler.handleUpstream(SimpleChannelUpstreamHandler.java:70)
	at org.elasticsearch.common.netty.channel.DefaultChannelPipeline.sendUpstream(DefaultChannelPipeline.java:564)
	at org.elasticsearch.common.netty.channel.DefaultChannelPipeline.sendUpstream(DefaultChannelPipeline.java:559)
	at org.elasticsearch.common.netty.channel.Channels.fireMessageReceived(Channels.java:268)
	at org.elasticsearch.common.netty.channel.Channels.fireMessageReceived(Channels.java:255)
	at org.elasticsearch.common.netty.channel.socket.nio.NioWorker.read(NioWorker.java:88)
	at org.elasticsearch.common.netty.channel.socket.nio.AbstractNioWorker.process(AbstractNioWorker.java:108)
	at org.elasticsearch.common.netty.channel.socket.nio.AbstractNioSelector.run(AbstractNioSelector.java:337)
	at org.elasticsearch.common.netty.channel.socket.nio.AbstractNioWorker.run(AbstractNioWorker.java:89)
	at org.elasticsearch.common.netty.channel.socket.nio.NioWorker.run(NioWorker.java:178)
	at org.elasticsearch.common.netty.util.ThreadRenamingRunnable.run(ThreadRenamingRunnable.java:108)
	at org.elasticsearch.common.netty.util.internal.DeadLockProofWorker$1.run(DeadLockProofWorker.java:42)
	at java.util.concurrent.ThreadPoolExecutor.runWorker(ThreadPoolExecutor.java:1142)
	at java.util.concurrent.ThreadPoolExecutor$Worker.run(ThreadPoolExecutor.java:617)
	at java.lang.Thread.run(Thread.java:745)
Caused by: java.lang.IndexOutOfBoundsException: Readable byte limit exceeded: 308
	at org.elasticsearch.common.netty.buffer.AbstractChannelBuffer.readByte(AbstractChannelBuffer.java:236)
	at org.elasticsearch.transport.netty.ChannelBufferStreamInput.readByte(ChannelBufferStreamInput.java:132)
	at org.elasticsearch.common.io.stream.StreamInput.readString(StreamInput.java:265)
	at org.elasticsearch.common.io.stream.HandlesStreamInput.readString(HandlesStreamInput.java:61)
	at org.elasticsearch.index.fielddata.FieldDataStats.readFrom(FieldDataStats.java:100)
	at org.elasticsearch.index.fielddata.FieldDataStats.readFieldDataStats(FieldDataStats.java:88)
	at org.elasticsearch.action.admin.indices.stats.CommonStats.readFrom(CommonStats.java:576)
	at org.elasticsearch.action.admin.indices.stats.CommonStats.readCommonStats(CommonStats.java:509)
	at org.elasticsearch.action.admin.indices.stats.ShardStats.readFrom(ShardStats.java:73)
	at org.elasticsearch.transport.netty.MessageChannelHandler.handleResponse(MessageChannelHandler.java:153)
	... 23 more
[2241-06-21 22:03:33,876][DEBUG][action.admin.indices.stats] [FQDN_SERVER_IP] [PREFIX_INDEX_201508][5], node[8ZrYSc6kQvGL-yfCEhZDQw], [R], s[STARTED]: failed to execute [org.elasticsearch.action.admin.indices.stats.IndicesStatsRequest@71e7018d]
org.elasticsearch.transport.RemoteTransportException: Failed to deserialize response of type [org.elasticsearch.action.admin.indices.stats.ShardStats]
Caused by: org.elasticsearch.transport.TransportSerializationException: Failed to deserialize response of type [org.elasticsearch.action.admin.indices.stats.ShardStats]
	at org.elasticsearch.transport.netty.MessageChannelHandler.handleResponse(MessageChannelHandler.java:155)
	at org.elasticsearch.transport.netty.MessageChannelHandler.messageReceived(MessageChannelHandler.java:130)
	at org.elasticsearch.common.netty.channel.SimpleChannelUpstreamHandler.handleUpstream(SimpleChannelUpstreamHandler.java:70)
	at org.elasticsearch.common.netty.channel.DefaultChannelPipeline.sendUpstream(DefaultChannelPipeline.java:564)
	at org.elasticsearch.common.netty.channel.DefaultChannelPipeline$DefaultChannelHandlerContext.sendUpstream(DefaultChannelPipeline.java:791)
	at org.elasticsearch.common.netty.channel.Channels.fireMessageReceived(Channels.java:296)
	at org.elasticsearch.common.netty.handler.codec.frame.FrameDecoder.unfoldAndFireMessageReceived(FrameDecoder.java:462)
	at org.elasticsearch.common.netty.handler.codec.frame.FrameDecoder.callDecode(FrameDecoder.java:443)
	at org.elasticsearch.common.netty.handler.codec.frame.FrameDecoder.messageReceived(FrameDecoder.java:303)
	at org.elasticsearch.common.netty.channel.SimpleChannelUpstreamHandler.handleUpstream(SimpleChannelUpstreamHandler.java:70)
	at org.elasticsearch.common.netty.channel.DefaultChannelPipeline.sendUpstream(DefaultChannelPipeline.java:564)
	at org.elasticsearch.common.netty.channel.DefaultChannelPipeline.sendUpstream(DefaultChannelPipeline.java:559)
	at org.elasticsearch.common.netty.channel.Channels.fireMessageReceived(Channels.java:268)
	at org.elasticsearch.common.netty.channel.Channels.fireMessageReceived(Channels.java:255)
	at org.elasticsearch.common.netty.channel.socket.nio.NioWorker.read(NioWorker.java:88)
	at org.elasticsearch.common.netty.channel.socket.nio.AbstractNioWorker.process(AbstractNioWorker.java:108)
	at org.elasticsearch.common.netty.channel.socket.nio.AbstractNioSelector.run(AbstractNioSelector.java:337)
	at org.elasticsearch.common.netty.channel.socket.nio.AbstractNioWorker.run(AbstractNioWorker.java:89)
	at org.elasticsearch.common.netty.channel.socket.nio.NioWorker.run(NioWorker.java:178)
	at org.elasticsearch.common.netty.util.ThreadRenamingRunnable.run(ThreadRenamingRunnable.java:108)
	at org.elasticsearch.common.netty.util.internal.DeadLockProofWorker$1.run(DeadLockProofWorker.java:42)
	at java.util.concurrent.ThreadPoolExecutor.runWorker(ThreadPoolExecutor.java:1142)
	at java.util.concurrent.ThreadPoolExecutor$Worker.run(ThreadPoolExecutor.java:617)
	at java.lang.Thread.run(Thread.java:745)
Caused by: java.lang.IndexOutOfBoundsException: Readable byte limit exceeded: 309
	at org.elasticsearch.common.netty.buffer.AbstractChannelBuffer.readByte(AbstractChannelBuffer.java:236)
	at org.elasticsearch.transport.netty.ChannelBufferStreamInput.readByte(ChannelBufferStreamInput.java:132)
	at org.elasticsearch.common.io.stream.StreamInput.readString(StreamInput.java:265)
	at org.elasticsearch.common.io.stream.HandlesStreamInput.readString(HandlesStreamInput.java:61)
	at org.elasticsearch.index.fielddata.FieldDataStats.readFrom(FieldDataStats.java:100)
	at org.elasticsearch.index.fielddata.FieldDataStats.readFieldDataStats(FieldDataStats.java:88)
	at org.elasticsearch.action.admin.indices.stats.CommonStats.readFrom(CommonStats.java:576)
	at org.elasticsearch.action.admin.indices.stats.CommonStats.readCommonStats(CommonStats.java:509)
	at org.elasticsearch.action.admin.indices.stats.ShardStats.readFrom(ShardStats.java:73)
	at org.elasticsearch.transport.netty.MessageChannelHandler.handleResponse(MessageChannelHandler.java:153)
	... 23 more
[2241-06-21 22:03:33,879][DEBUG][action.admin.indices.stats] [FQDN_SERVER_IP] [PREFIX_INDEX_201508][5], node[v3bsmfEFQ8Kz88JrCQIhoQ], [R], s[STARTED]: failed to execute [org.elasticsearch.action.admin.indices.stats.IndicesStatsRequest@71e7018d]
org.elasticsearch.transport.RemoteTransportException: Failed to deserialize response of type [org.elasticsearch.action.admin.indices.stats.ShardStats]
Caused by: org.elasticsearch.transport.TransportSerializationException: Failed to deserialize response of type [org.elasticsearch.action.admin.indices.stats.ShardStats]
	at org.elasticsearch.transport.netty.MessageChannelHandler.handleResponse(MessageChannelHandler.java:155)
	at org.elasticsearch.transport.netty.MessageChannelHandler.messageReceived(MessageChannelHandler.java:130)
	at org.elasticsearch.common.netty.channel.SimpleChannelUpstreamHandler.handleUpstream(SimpleChannelUpstreamHandler.java:70)
	at org.elasticsearch.common.netty.channel.DefaultChannelPipeline.sendUpstream(DefaultChannelPipeline.java:564)
	at org.elasticsearch.common.netty.channel.DefaultChannelPipeline$DefaultChannelHandlerContext.sendUpstream(DefaultChannelPipeline.java:791)
	at org.elasticsearch.common.netty.channel.Channels.fireMessageReceived(Channels.java:296)
	at org.elasticsearch.common.netty.handler.codec.frame.FrameDecoder.unfoldAndFireMessageReceived(FrameDecoder.java:462)
	at org.elasticsearch.common.netty.handler.codec.frame.FrameDecoder.callDecode(FrameDecoder.java:443)
	at org.elasticsearch.common.netty.handler.codec.frame.FrameDecoder.messageReceived(FrameDecoder.java:303)
	at org.elasticsearch.common.netty.channel.SimpleChannelUpstreamHandler.handleUpstream(SimpleChannelUpstreamHandler.java:70)
	at org.elasticsearch.common.netty.channel.DefaultChannelPipeline.sendUpstream(DefaultChannelPipeline.java:564)
	at org.elasticsearch.common.netty.channel.DefaultChannelPipeline.sendUpstream(DefaultChannelPipeline.java:559)
	at org.elasticsearch.common.netty.channel.Channels.fireMessageReceived(Channels.java:268)
	at org.elasticsearch.common.netty.channel.Channels.fireMessageReceived(Channels.java:255)
	at org.elasticsearch.common.netty.channel.socket.nio.NioWorker.read(NioWorker.java:88)
	at org.elasticsearch.common.netty.channel.socket.nio.AbstractNioWorker.process(AbstractNioWorker.java:108)
	at org.elasticsearch.common.netty.channel.socket.nio.AbstractNioSelector.run(AbstractNioSelector.java:337)
	at org.elasticsearch.common.netty.channel.socket.nio.AbstractNioWorker.run(AbstractNioWorker.java:89)
	at org.elasticsearch.common.netty.channel.socket.nio.NioWorker.run(NioWorker.java:178)
	at org.elasticsearch.common.netty.util.ThreadRenamingRunnable.run(ThreadRenamingRunnable.java:108)
	at org.elasticsearch.common.netty.util.internal.DeadLockProofWorker$1.run(DeadLockProofWorker.java:42)
	at java.util.concurrent.ThreadPoolExecutor.runWorker(ThreadPoolExecutor.java:1142)
	at java.util.concurrent.ThreadPoolExecutor$Worker.run(ThreadPoolExecutor.java:617)
	at java.lang.Thread.run(Thread.java:745)
Caused by: java.lang.IndexOutOfBoundsException: Readable byte limit exceeded: 309
	at org.elasticsearch.common.netty.buffer.AbstractChannelBuffer.readByte(AbstractChannelBuffer.java:236)
	at org.elasticsearch.transport.netty.ChannelBufferStreamInput.readByte(ChannelBufferStreamInput.java:132)
	at org.elasticsearch.common.io.stream.StreamInput.readString(StreamInput.java:265)
	at org.elasticsearch.common.io.stream.HandlesStreamInput.readString(HandlesStreamInput.java:61)
	at org.elasticsearch.index.fielddata.FieldDataStats.readFrom(FieldDataStats.java:100)
	at org.elasticsearch.index.fielddata.FieldDataStats.readFieldDataStats(FieldDataStats.java:88)
	at org.elasticsearch.action.admin.indices.stats.CommonStats.readFrom(CommonStats.java:576)
	at org.elasticsearch.action.admin.indices.stats.CommonStats.readCommonStats(CommonStats.java:509)
	at org.elasticsearch.action.admin.indices.stats.ShardStats.readFrom(ShardStats.java:73)
	at org.elasticsearch.transport.netty.MessageChannelHandler.handleResponse(MessageChannelHandler.java:153)
	... 23 more
[2241-06-21 22:03:33,887][WARN ][transport.netty          ] [FQDN_SERVER_IP] Message not fully read (response) for [245492848] handler org.elasticsearch.action.support.broadcast.TransportBroadcastOperationAction$AsyncBroadcastAction$2@619d8ecd, error [false], resetting
[2241-06-21 22:03:33,890][DEBUG][action.admin.indices.stats] [FQDN_SERVER_IP] [PREFIX_INDEX_201510][2], node[8ZrYSc6kQvGL-yfCEhZDQw], [P], s[STARTED]: failed to execute [org.elasticsearch.action.admin.indices.stats.IndicesStatsRequest@71e7018d]
org.elasticsearch.transport.RemoteTransportException: Failed to deserialize response of type [org.elasticsearch.action.admin.indices.stats.ShardStats]
Caused by: org.elasticsearch.transport.TransportSerializationException: Failed to deserialize response of type [org.elasticsearch.action.admin.indices.stats.ShardStats]
	at org.elasticsearch.transport.netty.MessageChannelHandler.handleResponse(MessageChannelHandler.java:155)
	at org.elasticsearch.transport.netty.MessageChannelHandler.messageReceived(MessageChannelHandler.java:130)
	at org.elasticsearch.common.netty.channel.SimpleChannelUpstreamHandler.handleUpstream(SimpleChannelUpstreamHandler.java:70)
	at org.elasticsearch.common.netty.channel.DefaultChannelPipeline.sendUpstream(DefaultChannelPipeline.java:564)
	at org.elasticsearch.common.netty.channel.DefaultChannelPipeline$DefaultChannelHandlerContext.sendUpstream(DefaultChannelPipeline.java:791)
	at org.elasticsearch.common.netty.channel.Channels.fireMessageReceived(Channels.java:296)
	at org.elasticsearch.common.netty.handler.codec.frame.FrameDecoder.unfoldAndFireMessageReceived(FrameDecoder.java:462)
	at org.elasticsearch.common.netty.handler.codec.frame.FrameDecoder.callDecode(FrameDecoder.java:443)
	at org.elasticsearch.common.netty.handler.codec.frame.FrameDecoder.messageReceived(FrameDecoder.java:303)
	at org.elasticsearch.common.netty.channel.SimpleChannelUpstreamHandler.handleUpstream(SimpleChannelUpstreamHandler.java:70)
	at org.elasticsearch.common.netty.channel.DefaultChannelPipeline.sendUpstream(DefaultChannelPipeline.java:564)
	at org.elasticsearch.common.netty.channel.DefaultChannelPipeline.sendUpstream(DefaultChannelPipeline.java:559)
	at org.elasticsearch.common.netty.channel.Channels.fireMessageReceived(Channels.java:268)
	at org.elasticsearch.common.netty.channel.Channels.fireMessageReceived(Channels.java:255)
	at org.elasticsearch.common.netty.channel.socket.nio.NioWorker.read(NioWorker.java:88)
	at org.elasticsearch.common.netty.channel.socket.nio.AbstractNioWorker.process(AbstractNioWorker.java:108)
	at org.elasticsearch.common.netty.channel.socket.nio.AbstractNioSelector.run(AbstractNioSelector.java:337)
	at org.elasticsearch.common.netty.channel.socket.nio.AbstractNioWorker.run(AbstractNioWorker.java:89)
	at org.elasticsearch.common.netty.channel.socket.nio.NioWorker.run(NioWorker.java:178)
	at org.elasticsearch.common.netty.util.ThreadRenamingRunnable.run(ThreadRenamingRunnable.java:108)
	at org.elasticsearch.common.netty.util.internal.DeadLockProofWorker$1.run(DeadLockProofWorker.java:42)
	at java.util.concurrent.ThreadPoolExecutor.runWorker(ThreadPoolExecutor.java:1142)
	at java.util.concurrent.ThreadPoolExecutor$Worker.run(ThreadPoolExecutor.java:617)
	at java.lang.Thread.run(Thread.java:745)
Caused by: java.lang.IndexOutOfBoundsException: Readable byte limit exceeded: 305
	at org.elasticsearch.common.netty.buffer.AbstractChannelBuffer.readByte(AbstractChannelBuffer.java:236)
	at org.elasticsearch.transport.netty.ChannelBufferStreamInput.readByte(ChannelBufferStreamInput.java:132)
	at org.elasticsearch.common.io.stream.StreamInput.readString(StreamInput.java:282)
	at org.elasticsearch.common.io.stream.HandlesStreamInput.readString(HandlesStreamInput.java:61)
	at org.elasticsearch.index.fielddata.FieldDataStats.readFrom(FieldDataStats.java:100)
	at org.elasticsearch.index.fielddata.FieldDataStats.readFieldDataStats(FieldDataStats.java:88)
	at org.elasticsearch.action.admin.indices.stats.CommonStats.readFrom(CommonStats.java:576)
	at org.elasticsearch.action.admin.indices.stats.CommonStats.readCommonStats(CommonStats.java:509)
	at org.elasticsearch.action.admin.indices.stats.ShardStats.readFrom(ShardStats.java:73)
	at org.elasticsearch.transport.netty.MessageChannelHandler.handleResponse(MessageChannelHandler.java:153)
	... 23 more
[2241-06-21 22:03:33,892][DEBUG][action.admin.indices.stats] [FQDN_SERVER_IP] [PREFIX_INDEX_201510][1], node[8ZrYSc6kQvGL-yfCEhZDQw], [R], s[STARTED]: failed to execute [org.elasticsearch.action.admin.indices.stats.IndicesStatsRequest@71e7018d]
org.elasticsearch.transport.RemoteTransportException: Failed to deserialize response of type [org.elasticsearch.action.admin.indices.stats.ShardStats]
Caused by: org.elasticsearch.transport.TransportSerializationException: Failed to deserialize response of type [org.elasticsearch.action.admin.indices.stats.ShardStats]
	at org.elasticsearch.transport.netty.MessageChannelHandler.handleResponse(MessageChannelHandler.java:155)
	at org.elasticsearch.transport.netty.MessageChannelHandler.messageReceived(MessageChannelHandler.java:130)
	at org.elasticsearch.common.netty.channel.SimpleChannelUpstreamHandler.handleUpstream(SimpleChannelUpstreamHandler.java:70)
	at org.elasticsearch.common.netty.channel.DefaultChannelPipeline.sendUpstream(DefaultChannelPipeline.java:564)
	at org.elasticsearch.common.netty.channel.DefaultChannelPipeline$DefaultChannelHandlerContext.sendUpstream(DefaultChannelPipeline.java:791)
	at org.elasticsearch.common.netty.channel.Channels.fireMessageReceived(Channels.java:296)
	at org.elasticsearch.common.netty.handler.codec.frame.FrameDecoder.unfoldAndFireMessageReceived(FrameDecoder.java:462)
	at org.elasticsearch.common.netty.handler.codec.frame.FrameDecoder.callDecode(FrameDecoder.java:443)
	at org.elasticsearch.common.netty.handler.codec.frame.FrameDecoder.messageReceived(FrameDecoder.java:303)
	at org.elasticsearch.common.netty.channel.SimpleChannelUpstreamHandler.handleUpstream(SimpleChannelUpstreamHandler.java:70)
	at org.elasticsearch.common.netty.channel.DefaultChannelPipeline.sendUpstream(DefaultChannelPipeline.java:564)
	at org.elasticsearch.common.netty.channel.DefaultChannelPipeline.sendUpstream(DefaultChannelPipeline.java:559)
	at org.elasticsearch.common.netty.channel.Channels.fireMessageReceived(Channels.java:268)
	at org.elasticsearch.common.netty.channel.Channels.fireMessageReceived(Channels.java:255)
	at org.elasticsearch.common.netty.channel.socket.nio.NioWorker.read(NioWorker.java:88)
	at org.elasticsearch.common.netty.channel.socket.nio.AbstractNioWorker.process(AbstractNioWorker.java:108)
	at org.elasticsearch.common.netty.channel.socket.nio.AbstractNioSelector.run(AbstractNioSelector.java:337)
	at org.elasticsearch.common.netty.channel.socket.nio.AbstractNioWorker.run(AbstractNioWorker.java:89)
	at org.elasticsearch.common.netty.channel.socket.nio.NioWorker.run(NioWorker.java:178)
	at org.elasticsearch.common.netty.util.ThreadRenamingRunnable.run(ThreadRenamingRunnable.java:108)
	at org.elasticsearch.common.netty.util.internal.DeadLockProofWorker$1.run(DeadLockProofWorker.java:42)
	at java.util.concurrent.ThreadPoolExecutor.runWorker(ThreadPoolExecutor.java:1142)
	at java.util.concurrent.ThreadPoolExecutor$Worker.run(ThreadPoolExecutor.java:617)
	at java.lang.Thread.run(Thread.java:745)
Caused by: java.lang.IndexOutOfBoundsException: Readable byte limit exceeded: 306
	at org.elasticsearch.common.netty.buffer.AbstractChannelBuffer.readByte(AbstractChannelBuffer.java:236)
	at org.elasticsearch.transport.netty.ChannelBufferStreamInput.readByte(ChannelBufferStreamInput.java:132)
	at org.elasticsearch.common.io.stream.StreamInput.readString(StreamInput.java:265)
	at org.elasticsearch.common.io.stream.HandlesStreamInput.readString(HandlesStreamInput.java:61)
	at org.elasticsearch.index.fielddata.FieldDataStats.readFrom(FieldDataStats.java:100)
	at org.elasticsearch.index.fielddata.FieldDataStats.readFieldDataStats(FieldDataStats.java:88)
	at org.elasticsearch.action.admin.indices.stats.CommonStats.readFrom(CommonStats.java:576)
	at org.elasticsearch.action.admin.indices.stats.CommonStats.readCommonStats(CommonStats.java:509)
	at org.elasticsearch.action.admin.indices.stats.ShardStats.readFrom(ShardStats.java:73)
	at org.elasticsearch.transport.netty.MessageChannelHandler.handleResponse(MessageChannelHandler.java:153)
	... 23 more
[2241-06-21 22:03:33,894][WARN ][transport.netty          ] [FQDN_SERVER_IP] Message not fully read (response) for [245492850] handler org.elasticsearch.action.support.broadcast.TransportBroadcastOperationAction$AsyncBroadcastAction$2@3b187d53, error [false], resetting
